The system is: Darwin - 17.7.0 - x86_64
Compiling the C compiler identification source file "CMakeCCompilerId.c" succeeded.
Compiler: /Library/Developer/CommandLineTools/usr/bin/cc 
Build flags: 
Id flags:  

The output was:
0


Compilation of the C compiler identification source "CMakeCCompilerId.c" produced "a.out"

The C compiler identification is AppleClang, found in "/Users/cameraford/Documents/NL LIFE/TU Delft/Year 2/Q3/3D Vision/A1/A1_Calibration/A1_Calibration_Code/cmake-build-debug/CMakeFiles/3.17.3/CompilerIdC/a.out"

Compiling the CXX compiler identification source file "CMakeCXXCompilerId.cpp" succeeded.
Compiler: /Library/Developer/CommandLineTools/usr/bin/c++ 
Build flags: 
Id flags:  

The output was:
0


Compilation of the CXX compiler identification source "CMakeCXXCompilerId.cpp" produced "a.out"

The CXX compiler identification is AppleClang, found in "/Users/cameraford/Documents/NL LIFE/TU Delft/Year 2/Q3/3D Vision/A1/A1_Calibration/A1_Calibration_Code/cmake-build-debug/CMakeFiles/3.17.3/CompilerIdCXX/a.out"

Determining if the C compiler works passed with the following output:
Change Dir: /Users/cameraford/Documents/NL LIFE/TU Delft/Year 2/Q3/3D Vision/A1/A1_Calibration/A1_Calibration_Code/cmake-build-debug/CMakeFiles/CMakeTmp

Run Build Command(s):/Users/cameraford/anaconda/bin/make cmTC_2f1cb/fast && /Users/cameraford/anaconda/bin/make  -f CMakeFiles/cmTC_2f1cb.dir/build.make CMakeFiles/cmTC_2f1cb.dir/build
make[1]: Entering directory '/Users/cameraford/Documents/NL LIFE/TU Delft/Year 2/Q3/3D Vision/A1/A1_Calibration/A1_Calibration_Code/cmake-build-debug/CMakeFiles/CMakeTmp'
Building C object CMakeFiles/cmTC_2f1cb.dir/testCCompiler.c.o
/Library/Developer/CommandLineTools/usr/bin/cc   -isysroot /Library/Developer/CommandLineTools/SDKs/MacOSX.sdk   -o CMakeFiles/cmTC_2f1cb.dir/testCCompiler.c.o   -c "/Users/cameraford/Documents/NL LIFE/TU Delft/Year 2/Q3/3D Vision/A1/A1_Calibration/A1_Calibration_Code/cmake-build-debug/CMakeFiles/CMakeTmp/testCCompiler.c"
Linking C executable cmTC_2f1cb
/Applications/CLion.app/Contents/bin/cmake/mac/bin/cmake -E cmake_link_script CMakeFiles/cmTC_2f1cb.dir/link.txt --verbose=1
/Library/Developer/CommandLineTools/usr/bin/cc   -isysroot /Library/Developer/CommandLineTools/SDKs/MacOSX.sdk -Wl,-search_paths_first -Wl,-headerpad_max_install_names   CMakeFiles/cmTC_2f1cb.dir/testCCompiler.c.o  -o cmTC_2f1cb 
make[1]: Leaving directory '/Users/cameraford/Documents/NL LIFE/TU Delft/Year 2/Q3/3D Vision/A1/A1_Calibration/A1_Calibration_Code/cmake-build-debug/CMakeFiles/CMakeTmp'



Detecting C compiler ABI info compiled with the following output:
Change Dir: /Users/cameraford/Documents/NL LIFE/TU Delft/Year 2/Q3/3D Vision/A1/A1_Calibration/A1_Calibration_Code/cmake-build-debug/CMakeFiles/CMakeTmp

Run Build Command(s):/Users/cameraford/anaconda/bin/make cmTC_71543/fast && /Users/cameraford/anaconda/bin/make  -f CMakeFiles/cmTC_71543.dir/build.make CMakeFiles/cmTC_71543.dir/build
make[1]: Entering directory '/Users/cameraford/Documents/NL LIFE/TU Delft/Year 2/Q3/3D Vision/A1/A1_Calibration/A1_Calibration_Code/cmake-build-debug/CMakeFiles/CMakeTmp'
Building C object CMakeFiles/cmTC_71543.dir/CMakeCCompilerABI.c.o
/Library/Developer/CommandLineTools/usr/bin/cc   -isysroot /Library/Developer/CommandLineTools/SDKs/MacOSX.sdk   -v -Wl,-v -o CMakeFiles/cmTC_71543.dir/CMakeCCompilerABI.c.o   -c /Applications/CLion.app/Contents/bin/cmake/mac/share/cmake-3.17/Modules/CMakeCCompilerABI.c
Apple LLVM version 10.0.0 (clang-1000.10.44.4)
Target: x86_64-apple-darwin17.7.0
Thread model: posix
InstalledDir: /Library/Developer/CommandLineTools/usr/bin
clang: warning: -Wl,-v: 'linker' input unused [-Wunused-command-line-argument]
 "/Library/Developer/CommandLineTools/usr/bin/clang" -cc1 -triple x86_64-apple-macosx10.13.0 -Wdeprecated-objc-isa-usage -Werror=deprecated-objc-isa-usage -emit-obj -mrelax-all -disable-free -disable-llvm-verifier -discard-value-names -main-file-name CMakeCCompilerABI.c -mrelocation-model pic -pic-level 2 -mthread-model posix -mdisable-fp-elim -fno-strict-return -masm-verbose -munwind-tables -target-cpu penryn -dwarf-column-info -debugger-tuning=lldb -target-linker-version 409.12 -v -coverage-notes-file /Users/cameraford/Documents/NL LIFE/TU Delft/Year 2/Q3/3D Vision/A1/A1_Calibration/A1_Calibration_Code/cmake-build-debug/CMakeFiles/CMakeTmp/CMakeFiles/cmTC_71543.dir/CMakeCCompilerABI.c.gcno -resource-dir /Library/Developer/CommandLineTools/usr/lib/clang/10.0.0 -isysroot /Library/Developer/CommandLineTools/SDKs/MacOSX.sdk -fdebug-compilation-dir /Users/cameraford/Documents/NL LIFE/TU Delft/Year 2/Q3/3D Vision/A1/A1_Calibration/A1_Calibration_Code/cmake-build-debug/CMakeFiles/CMakeTmp -ferror-limit 19 -fmessage-length 0 -stack-protector 1 -fblocks -fencode-extended-block-signature -fobjc-runtime=macosx-10.13.0 -fmax-type-align=16 -fdiagnostics-show-option -o CMakeFiles/cmTC_71543.dir/CMakeCCompilerABI.c.o -x c /Applications/CLion.app/Contents/bin/cmake/mac/share/cmake-3.17/Modules/CMakeCCompilerABI.c
clang -cc1 version 10.0.0 (clang-1000.10.44.4) default target x86_64-apple-darwin17.7.0
ignoring nonexistent directory "/Library/Developer/CommandLineTools/SDKs/MacOSX.sdk/usr/local/include"
ignoring nonexistent directory "/Library/Developer/CommandLineTools/SDKs/MacOSX.sdk/Library/Frameworks"
#include "..." search starts here:
#include <...> search starts here:
 /Library/Developer/CommandLineTools/usr/lib/clang/10.0.0/include
 /Library/Developer/CommandLineTools/usr/include
 /Library/Developer/CommandLineTools/SDKs/MacOSX.sdk/usr/include
 /Library/Developer/CommandLineTools/SDKs/MacOSX.sdk/System/Library/Frameworks (framework directory)
End of search list.
Linking C executable cmTC_71543
/Applications/CLion.app/Contents/bin/cmake/mac/bin/cmake -E cmake_link_script CMakeFiles/cmTC_71543.dir/link.txt --verbose=1
/Library/Developer/CommandLineTools/usr/bin/cc   -isysroot /Library/Developer/CommandLineTools/SDKs/MacOSX.sdk -Wl,-search_paths_first -Wl,-headerpad_max_install_names  -v -Wl,-v CMakeFiles/cmTC_71543.dir/CMakeCCompilerABI.c.o  -o cmTC_71543 
Apple LLVM version 10.0.0 (clang-1000.10.44.4)
Target: x86_64-apple-darwin17.7.0
Thread model: posix
InstalledDir: /Library/Developer/CommandLineTools/usr/bin
 "/Library/Developer/CommandLineTools/usr/bin/ld" -demangle -lto_library /Library/Developer/CommandLineTools/usr/lib/libLTO.dylib -dynamic -arch x86_64 -macosx_version_min 10.13.0 -syslibroot /Library/Developer/CommandLineTools/SDKs/MacOSX.sdk -o cmTC_71543 -search_paths_first -headerpad_max_install_names -v CMakeFiles/cmTC_71543.dir/CMakeCCompilerABI.c.o -lSystem /Library/Developer/CommandLineTools/usr/lib/clang/10.0.0/lib/darwin/libclang_rt.osx.a
@(#)PROGRAM:ld  PROJECT:ld64-409.12
BUILD 17:47:51 Sep 25 2018
configured to support archs: armv6 armv7 armv7s arm64 i386 x86_64 x86_64h armv6m armv7k armv7m armv7em
Library search paths:
	/Library/Developer/CommandLineTools/SDKs/MacOSX.sdk/usr/lib
Framework search paths:
	/Library/Developer/CommandLineTools/SDKs/MacOSX.sdk/System/Library/Frameworks/
make[1]: Leaving directory '/Users/cameraford/Documents/NL LIFE/TU Delft/Year 2/Q3/3D Vision/A1/A1_Calibration/A1_Calibration_Code/cmake-build-debug/CMakeFiles/CMakeTmp'



Parsed C implicit include dir info from above output: rv=done
  found start of include info
  found start of implicit include info
    add: [/Library/Developer/CommandLineTools/usr/lib/clang/10.0.0/include]
    add: [/Library/Developer/CommandLineTools/usr/include]
    add: [/Library/Developer/CommandLineTools/SDKs/MacOSX.sdk/usr/include]
  end of search list found
  collapse include dir [/Library/Developer/CommandLineTools/usr/lib/clang/10.0.0/include] ==> [/Library/Developer/CommandLineTools/usr/lib/clang/10.0.0/include]
  collapse include dir [/Library/Developer/CommandLineTools/usr/include] ==> [/Library/Developer/CommandLineTools/usr/include]
  collapse include dir [/Library/Developer/CommandLineTools/SDKs/MacOSX.sdk/usr/include] ==> [/Library/Developer/CommandLineTools/SDKs/MacOSX.sdk/usr/include]
  implicit include dirs: [/Library/Developer/CommandLineTools/usr/lib/clang/10.0.0/include;/Library/Developer/CommandLineTools/usr/include;/Library/Developer/CommandLineTools/SDKs/MacOSX.sdk/usr/include]


Parsed C implicit link information from above output:
  link line regex: [^( *|.*[/\])(ld|CMAKE_LINK_STARTFILE-NOTFOUND|([^/\]+-)?ld|collect2)[^/\]*( |$)]
  ignore line: [Change Dir: /Users/cameraford/Documents/NL LIFE/TU Delft/Year 2/Q3/3D Vision/A1/A1_Calibration/A1_Calibration_Code/cmake-build-debug/CMakeFiles/CMakeTmp]
  ignore line: []
  ignore line: [Run Build Command(s):/Users/cameraford/anaconda/bin/make cmTC_71543/fast && /Users/cameraford/anaconda/bin/make  -f CMakeFiles/cmTC_71543.dir/build.make CMakeFiles/cmTC_71543.dir/build]
  ignore line: [make[1]: Entering directory '/Users/cameraford/Documents/NL LIFE/TU Delft/Year 2/Q3/3D Vision/A1/A1_Calibration/A1_Calibration_Code/cmake-build-debug/CMakeFiles/CMakeTmp']
  ignore line: [Building C object CMakeFiles/cmTC_71543.dir/CMakeCCompilerABI.c.o]
  ignore line: [/Library/Developer/CommandLineTools/usr/bin/cc   -isysroot /Library/Developer/CommandLineTools/SDKs/MacOSX.sdk   -v -Wl -v -o CMakeFiles/cmTC_71543.dir/CMakeCCompilerABI.c.o   -c /Applications/CLion.app/Contents/bin/cmake/mac/share/cmake-3.17/Modules/CMakeCCompilerABI.c]
  ignore line: [Apple LLVM version 10.0.0 (clang-1000.10.44.4)]
  ignore line: [Target: x86_64-apple-darwin17.7.0]
  ignore line: [Thread model: posix]
  ignore line: [InstalledDir: /Library/Developer/CommandLineTools/usr/bin]
  ignore line: [clang: warning: -Wl -v: 'linker' input unused [-Wunused-command-line-argument]]
  ignore line: [ "/Library/Developer/CommandLineTools/usr/bin/clang" -cc1 -triple x86_64-apple-macosx10.13.0 -Wdeprecated-objc-isa-usage -Werror=deprecated-objc-isa-usage -emit-obj -mrelax-all -disable-free -disable-llvm-verifier -discard-value-names -main-file-name CMakeCCompilerABI.c -mrelocation-model pic -pic-level 2 -mthread-model posix -mdisable-fp-elim -fno-strict-return -masm-verbose -munwind-tables -target-cpu penryn -dwarf-column-info -debugger-tuning=lldb -target-linker-version 409.12 -v -coverage-notes-file /Users/cameraford/Documents/NL LIFE/TU Delft/Year 2/Q3/3D Vision/A1/A1_Calibration/A1_Calibration_Code/cmake-build-debug/CMakeFiles/CMakeTmp/CMakeFiles/cmTC_71543.dir/CMakeCCompilerABI.c.gcno -resource-dir /Library/Developer/CommandLineTools/usr/lib/clang/10.0.0 -isysroot /Library/Developer/CommandLineTools/SDKs/MacOSX.sdk -fdebug-compilation-dir /Users/cameraford/Documents/NL LIFE/TU Delft/Year 2/Q3/3D Vision/A1/A1_Calibration/A1_Calibration_Code/cmake-build-debug/CMakeFiles/CMakeTmp -ferror-limit 19 -fmessage-length 0 -stack-protector 1 -fblocks -fencode-extended-block-signature -fobjc-runtime=macosx-10.13.0 -fmax-type-align=16 -fdiagnostics-show-option -o CMakeFiles/cmTC_71543.dir/CMakeCCompilerABI.c.o -x c /Applications/CLion.app/Contents/bin/cmake/mac/share/cmake-3.17/Modules/CMakeCCompilerABI.c]
  ignore line: [clang -cc1 version 10.0.0 (clang-1000.10.44.4) default target x86_64-apple-darwin17.7.0]
  ignore line: [ignoring nonexistent directory "/Library/Developer/CommandLineTools/SDKs/MacOSX.sdk/usr/local/include"]
  ignore line: [ignoring nonexistent directory "/Library/Developer/CommandLineTools/SDKs/MacOSX.sdk/Library/Frameworks"]
  ignore line: [#include "..." search starts here:]
  ignore line: [#include <...> search starts here:]
  ignore line: [ /Library/Developer/CommandLineTools/usr/lib/clang/10.0.0/include]
  ignore line: [ /Library/Developer/CommandLineTools/usr/include]
  ignore line: [ /Library/Developer/CommandLineTools/SDKs/MacOSX.sdk/usr/include]
  ignore line: [ /Library/Developer/CommandLineTools/SDKs/MacOSX.sdk/System/Library/Frameworks (framework directory)]
  ignore line: [End of search list.]
  ignore line: [Linking C executable cmTC_71543]
  ignore line: [/Applications/CLion.app/Contents/bin/cmake/mac/bin/cmake -E cmake_link_script CMakeFiles/cmTC_71543.dir/link.txt --verbose=1]
  ignore line: [/Library/Developer/CommandLineTools/usr/bin/cc   -isysroot /Library/Developer/CommandLineTools/SDKs/MacOSX.sdk -Wl -search_paths_first -Wl -headerpad_max_install_names  -v -Wl -v CMakeFiles/cmTC_71543.dir/CMakeCCompilerABI.c.o  -o cmTC_71543 ]
  ignore line: [Apple LLVM version 10.0.0 (clang-1000.10.44.4)]
  ignore line: [Target: x86_64-apple-darwin17.7.0]
  ignore line: [Thread model: posix]
  ignore line: [InstalledDir: /Library/Developer/CommandLineTools/usr/bin]
  link line: [ "/Library/Developer/CommandLineTools/usr/bin/ld" -demangle -lto_library /Library/Developer/CommandLineTools/usr/lib/libLTO.dylib -dynamic -arch x86_64 -macosx_version_min 10.13.0 -syslibroot /Library/Developer/CommandLineTools/SDKs/MacOSX.sdk -o cmTC_71543 -search_paths_first -headerpad_max_install_names -v CMakeFiles/cmTC_71543.dir/CMakeCCompilerABI.c.o -lSystem /Library/Developer/CommandLineTools/usr/lib/clang/10.0.0/lib/darwin/libclang_rt.osx.a]
    arg [/Library/Developer/CommandLineTools/usr/bin/ld] ==> ignore
    arg [-demangle] ==> ignore
    arg [-lto_library] ==> ignore, skip following value
    arg [/Library/Developer/CommandLineTools/usr/lib/libLTO.dylib] ==> skip value of -lto_library
    arg [-dynamic] ==> ignore
    arg [-arch] ==> ignore
    arg [x86_64] ==> ignore
    arg [-macosx_version_min] ==> ignore
    arg [10.13.0] ==> ignore
    arg [-syslibroot] ==> ignore
    arg [/Library/Developer/CommandLineTools/SDKs/MacOSX.sdk] ==> ignore
    arg [-o] ==> ignore
    arg [cmTC_71543] ==> ignore
    arg [-search_paths_first] ==> ignore
    arg [-headerpad_max_install_names] ==> ignore
    arg [-v] ==> ignore
    arg [CMakeFiles/cmTC_71543.dir/CMakeCCompilerABI.c.o] ==> ignore
    arg [-lSystem] ==> lib [System]
    arg [/Library/Developer/CommandLineTools/usr/lib/clang/10.0.0/lib/darwin/libclang_rt.osx.a] ==> lib [/Library/Developer/CommandLineTools/usr/lib/clang/10.0.0/lib/darwin/libclang_rt.osx.a]
  Library search paths: [;/Library/Developer/CommandLineTools/SDKs/MacOSX.sdk/usr/lib]
  Framework search paths: [;/Library/Developer/CommandLineTools/SDKs/MacOSX.sdk/System/Library/Frameworks/]
  remove lib [System]
  remove lib [/Library/Developer/CommandLineTools/usr/lib/clang/10.0.0/lib/darwin/libclang_rt.osx.a]
  collapse library dir [/Library/Developer/CommandLineTools/SDKs/MacOSX.sdk/usr/lib] ==> [/Library/Developer/CommandLineTools/SDKs/MacOSX.sdk/usr/lib]
  collapse framework dir [/Library/Developer/CommandLineTools/SDKs/MacOSX.sdk/System/Library/Frameworks/] ==> [/Library/Developer/CommandLineTools/SDKs/MacOSX.sdk/System/Library/Frameworks]
  implicit libs: []
  implicit dirs: [/Library/Developer/CommandLineTools/SDKs/MacOSX.sdk/usr/lib]
  implicit fwks: [/Library/Developer/CommandLineTools/SDKs/MacOSX.sdk/System/Library/Frameworks]


Determining if the CXX compiler works passed with the following output:
Change Dir: /Users/cameraford/Documents/NL LIFE/TU Delft/Year 2/Q3/3D Vision/A1/A1_Calibration/A1_Calibration_Code/cmake-build-debug/CMakeFiles/CMakeTmp

Run Build Command(s):/Users/cameraford/anaconda/bin/make cmTC_8d2a8/fast && /Users/cameraford/anaconda/bin/make  -f CMakeFiles/cmTC_8d2a8.dir/build.make CMakeFiles/cmTC_8d2a8.dir/build
make[1]: Entering directory '/Users/cameraford/Documents/NL LIFE/TU Delft/Year 2/Q3/3D Vision/A1/A1_Calibration/A1_Calibration_Code/cmake-build-debug/CMakeFiles/CMakeTmp'
Building CXX object CMakeFiles/cmTC_8d2a8.dir/testCXXCompiler.cxx.o
/Library/Developer/CommandLineTools/usr/bin/c++    -isysroot /Library/Developer/CommandLineTools/SDKs/MacOSX.sdk   -o CMakeFiles/cmTC_8d2a8.dir/testCXXCompiler.cxx.o -c "/Users/cameraford/Documents/NL LIFE/TU Delft/Year 2/Q3/3D Vision/A1/A1_Calibration/A1_Calibration_Code/cmake-build-debug/CMakeFiles/CMakeTmp/testCXXCompiler.cxx"
Linking CXX executable cmTC_8d2a8
/Applications/CLion.app/Contents/bin/cmake/mac/bin/cmake -E cmake_link_script CMakeFiles/cmTC_8d2a8.dir/link.txt --verbose=1
/Library/Developer/CommandLineTools/usr/bin/c++    -isysroot /Library/Developer/CommandLineTools/SDKs/MacOSX.sdk -Wl,-search_paths_first -Wl,-headerpad_max_install_names   CMakeFiles/cmTC_8d2a8.dir/testCXXCompiler.cxx.o  -o cmTC_8d2a8 
make[1]: Leaving directory '/Users/cameraford/Documents/NL LIFE/TU Delft/Year 2/Q3/3D Vision/A1/A1_Calibration/A1_Calibration_Code/cmake-build-debug/CMakeFiles/CMakeTmp'



Detecting CXX compiler ABI info compiled with the following output:
Change Dir: /Users/cameraford/Documents/NL LIFE/TU Delft/Year 2/Q3/3D Vision/A1/A1_Calibration/A1_Calibration_Code/cmake-build-debug/CMakeFiles/CMakeTmp

Run Build Command(s):/Users/cameraford/anaconda/bin/make cmTC_33a10/fast && /Users/cameraford/anaconda/bin/make  -f CMakeFiles/cmTC_33a10.dir/build.make CMakeFiles/cmTC_33a10.dir/build
make[1]: Entering directory '/Users/cameraford/Documents/NL LIFE/TU Delft/Year 2/Q3/3D Vision/A1/A1_Calibration/A1_Calibration_Code/cmake-build-debug/CMakeFiles/CMakeTmp'
Building CXX object CMakeFiles/cmTC_33a10.dir/CMakeCXXCompilerABI.cpp.o
/Library/Developer/CommandLineTools/usr/bin/c++    -isysroot /Library/Developer/CommandLineTools/SDKs/MacOSX.sdk   -v -Wl,-v -o CMakeFiles/cmTC_33a10.dir/CMakeCXXCompilerABI.cpp.o -c /Applications/CLion.app/Contents/bin/cmake/mac/share/cmake-3.17/Modules/CMakeCXXCompilerABI.cpp
Apple LLVM version 10.0.0 (clang-1000.10.44.4)
Target: x86_64-apple-darwin17.7.0
Thread model: posix
InstalledDir: /Library/Developer/CommandLineTools/usr/bin
clang: warning: -Wl,-v: 'linker' input unused [-Wunused-command-line-argument]
 "/Library/Developer/CommandLineTools/usr/bin/clang" -cc1 -triple x86_64-apple-macosx10.13.0 -Wdeprecated-objc-isa-usage -Werror=deprecated-objc-isa-usage -emit-obj -mrelax-all -disable-free -disable-llvm-verifier -discard-value-names -main-file-name CMakeCXXCompilerABI.cpp -mrelocation-model pic -pic-level 2 -mthread-model posix -mdisable-fp-elim -fno-strict-return -masm-verbose -munwind-tables -target-cpu penryn -dwarf-column-info -debugger-tuning=lldb -target-linker-version 409.12 -v -coverage-notes-file /Users/cameraford/Documents/NL LIFE/TU Delft/Year 2/Q3/3D Vision/A1/A1_Calibration/A1_Calibration_Code/cmake-build-debug/CMakeFiles/CMakeTmp/CMakeFiles/cmTC_33a10.dir/CMakeCXXCompilerABI.cpp.gcno -resource-dir /Library/Developer/CommandLineTools/usr/lib/clang/10.0.0 -isysroot /Library/Developer/CommandLineTools/SDKs/MacOSX.sdk -stdlib=libc++ -fdeprecated-macro -fdebug-compilation-dir /Users/cameraford/Documents/NL LIFE/TU Delft/Year 2/Q3/3D Vision/A1/A1_Calibration/A1_Calibration_Code/cmake-build-debug/CMakeFiles/CMakeTmp -ferror-limit 19 -fmessage-length 0 -stack-protector 1 -fblocks -fencode-extended-block-signature -fobjc-runtime=macosx-10.13.0 -fcxx-exceptions -fexceptions -fmax-type-align=16 -fdiagnostics-show-option -o CMakeFiles/cmTC_33a10.dir/CMakeCXXCompilerABI.cpp.o -x c++ /Applications/CLion.app/Contents/bin/cmake/mac/share/cmake-3.17/Modules/CMakeCXXCompilerABI.cpp
clang -cc1 version 10.0.0 (clang-1000.10.44.4) default target x86_64-apple-darwin17.7.0
ignoring nonexistent directory "/Library/Developer/CommandLineTools/SDKs/MacOSX.sdk/usr/include/c++/v1"
ignoring nonexistent directory "/Library/Developer/CommandLineTools/SDKs/MacOSX.sdk/usr/local/include"
ignoring nonexistent directory "/Library/Developer/CommandLineTools/SDKs/MacOSX.sdk/Library/Frameworks"
#include "..." search starts here:
#include <...> search starts here:
 /Library/Developer/CommandLineTools/usr/include/c++/v1
 /Library/Developer/CommandLineTools/usr/lib/clang/10.0.0/include
 /Library/Developer/CommandLineTools/usr/include
 /Library/Developer/CommandLineTools/SDKs/MacOSX.sdk/usr/include
 /Library/Developer/CommandLineTools/SDKs/MacOSX.sdk/System/Library/Frameworks (framework directory)
End of search list.
Linking CXX executable cmTC_33a10
/Applications/CLion.app/Contents/bin/cmake/mac/bin/cmake -E cmake_link_script CMakeFiles/cmTC_33a10.dir/link.txt --verbose=1
/Library/Developer/CommandLineTools/usr/bin/c++    -isysroot /Library/Developer/CommandLineTools/SDKs/MacOSX.sdk -Wl,-search_paths_first -Wl,-headerpad_max_install_names  -v -Wl,-v CMakeFiles/cmTC_33a10.dir/CMakeCXXCompilerABI.cpp.o  -o cmTC_33a10 
Apple LLVM version 10.0.0 (clang-1000.10.44.4)
Target: x86_64-apple-darwin17.7.0
Thread model: posix
InstalledDir: /Library/Developer/CommandLineTools/usr/bin
 "/Library/Developer/CommandLineTools/usr/bin/ld" -demangle -lto_library /Library/Developer/CommandLineTools/usr/lib/libLTO.dylib -dynamic -arch x86_64 -macosx_version_min 10.13.0 -syslibroot /Library/Developer/CommandLineTools/SDKs/MacOSX.sdk -o cmTC_33a10 -search_paths_first -headerpad_max_install_names -v CMakeFiles/cmTC_33a10.dir/CMakeCXXCompilerABI.cpp.o -lc++ -lSystem /Library/Developer/CommandLineTools/usr/lib/clang/10.0.0/lib/darwin/libclang_rt.osx.a
@(#)PROGRAM:ld  PROJECT:ld64-409.12
BUILD 17:47:51 Sep 25 2018
configured to support archs: armv6 armv7 armv7s arm64 i386 x86_64 x86_64h armv6m armv7k armv7m armv7em
Library search paths:
	/Library/Developer/CommandLineTools/SDKs/MacOSX.sdk/usr/lib
Framework search paths:
	/Library/Developer/CommandLineTools/SDKs/MacOSX.sdk/System/Library/Frameworks/
make[1]: Leaving directory '/Users/cameraford/Documents/NL LIFE/TU Delft/Year 2/Q3/3D Vision/A1/A1_Calibration/A1_Calibration_Code/cmake-build-debug/CMakeFiles/CMakeTmp'



Parsed CXX implicit include dir info from above output: rv=done
  found start of include info
  found start of implicit include info
    add: [/Library/Developer/CommandLineTools/usr/include/c++/v1]
    add: [/Library/Developer/CommandLineTools/usr/lib/clang/10.0.0/include]
    add: [/Library/Developer/CommandLineTools/usr/include]
    add: [/Library/Developer/CommandLineTools/SDKs/MacOSX.sdk/usr/include]
  end of search list found
  collapse include dir [/Library/Developer/CommandLineTools/usr/include/c++/v1] ==> [/Library/Developer/CommandLineTools/usr/include/c++/v1]
  collapse include dir [/Library/Developer/CommandLineTools/usr/lib/clang/10.0.0/include] ==> [/Library/Developer/CommandLineTools/usr/lib/clang/10.0.0/include]
  collapse include dir [/Library/Developer/CommandLineTools/usr/include] ==> [/Library/Developer/CommandLineTools/usr/include]
  collapse include dir [/Library/Developer/CommandLineTools/SDKs/MacOSX.sdk/usr/include] ==> [/Library/Developer/CommandLineTools/SDKs/MacOSX.sdk/usr/include]
  implicit include dirs: [/Library/Developer/CommandLineTools/usr/include/c++/v1;/Library/Developer/CommandLineTools/usr/lib/clang/10.0.0/include;/Library/Developer/CommandLineTools/usr/include;/Library/Developer/CommandLineTools/SDKs/MacOSX.sdk/usr/include]


Parsed CXX implicit link information from above output:
  link line regex: [^( *|.*[/\])(ld|CMAKE_LINK_STARTFILE-NOTFOUND|([^/\]+-)?ld|collect2)[^/\]*( |$)]
  ignore line: [Change Dir: /Users/cameraford/Documents/NL LIFE/TU Delft/Year 2/Q3/3D Vision/A1/A1_Calibration/A1_Calibration_Code/cmake-build-debug/CMakeFiles/CMakeTmp]
  ignore line: []
  ignore line: [Run Build Command(s):/Users/cameraford/anaconda/bin/make cmTC_33a10/fast && /Users/cameraford/anaconda/bin/make  -f CMakeFiles/cmTC_33a10.dir/build.make CMakeFiles/cmTC_33a10.dir/build]
  ignore line: [make[1]: Entering directory '/Users/cameraford/Documents/NL LIFE/TU Delft/Year 2/Q3/3D Vision/A1/A1_Calibration/A1_Calibration_Code/cmake-build-debug/CMakeFiles/CMakeTmp']
  ignore line: [Building CXX object CMakeFiles/cmTC_33a10.dir/CMakeCXXCompilerABI.cpp.o]
  ignore line: [/Library/Developer/CommandLineTools/usr/bin/c++    -isysroot /Library/Developer/CommandLineTools/SDKs/MacOSX.sdk   -v -Wl -v -o CMakeFiles/cmTC_33a10.dir/CMakeCXXCompilerABI.cpp.o -c /Applications/CLion.app/Contents/bin/cmake/mac/share/cmake-3.17/Modules/CMakeCXXCompilerABI.cpp]
  ignore line: [Apple LLVM version 10.0.0 (clang-1000.10.44.4)]
  ignore line: [Target: x86_64-apple-darwin17.7.0]
  ignore line: [Thread model: posix]
  ignore line: [InstalledDir: /Library/Developer/CommandLineTools/usr/bin]
  ignore line: [clang: warning: -Wl -v: 'linker' input unused [-Wunused-command-line-argument]]
  ignore line: [ "/Library/Developer/CommandLineTools/usr/bin/clang" -cc1 -triple x86_64-apple-macosx10.13.0 -Wdeprecated-objc-isa-usage -Werror=deprecated-objc-isa-usage -emit-obj -mrelax-all -disable-free -disable-llvm-verifier -discard-value-names -main-file-name CMakeCXXCompilerABI.cpp -mrelocation-model pic -pic-level 2 -mthread-model posix -mdisable-fp-elim -fno-strict-return -masm-verbose -munwind-tables -target-cpu penryn -dwarf-column-info -debugger-tuning=lldb -target-linker-version 409.12 -v -coverage-notes-file /Users/cameraford/Documents/NL LIFE/TU Delft/Year 2/Q3/3D Vision/A1/A1_Calibration/A1_Calibration_Code/cmake-build-debug/CMakeFiles/CMakeTmp/CMakeFiles/cmTC_33a10.dir/CMakeCXXCompilerABI.cpp.gcno -resource-dir /Library/Developer/CommandLineTools/usr/lib/clang/10.0.0 -isysroot /Library/Developer/CommandLineTools/SDKs/MacOSX.sdk -stdlib=libc++ -fdeprecated-macro -fdebug-compilation-dir /Users/cameraford/Documents/NL LIFE/TU Delft/Year 2/Q3/3D Vision/A1/A1_Calibration/A1_Calibration_Code/cmake-build-debug/CMakeFiles/CMakeTmp -ferror-limit 19 -fmessage-length 0 -stack-protector 1 -fblocks -fencode-extended-block-signature -fobjc-runtime=macosx-10.13.0 -fcxx-exceptions -fexceptions -fmax-type-align=16 -fdiagnostics-show-option -o CMakeFiles/cmTC_33a10.dir/CMakeCXXCompilerABI.cpp.o -x c++ /Applications/CLion.app/Contents/bin/cmake/mac/share/cmake-3.17/Modules/CMakeCXXCompilerABI.cpp]
  ignore line: [clang -cc1 version 10.0.0 (clang-1000.10.44.4) default target x86_64-apple-darwin17.7.0]
  ignore line: [ignoring nonexistent directory "/Library/Developer/CommandLineTools/SDKs/MacOSX.sdk/usr/include/c++/v1"]
  ignore line: [ignoring nonexistent directory "/Library/Developer/CommandLineTools/SDKs/MacOSX.sdk/usr/local/include"]
  ignore line: [ignoring nonexistent directory "/Library/Developer/CommandLineTools/SDKs/MacOSX.sdk/Library/Frameworks"]
  ignore line: [#include "..." search starts here:]
  ignore line: [#include <...> search starts here:]
  ignore line: [ /Library/Developer/CommandLineTools/usr/include/c++/v1]
  ignore line: [ /Library/Developer/CommandLineTools/usr/lib/clang/10.0.0/include]
  ignore line: [ /Library/Developer/CommandLineTools/usr/include]
  ignore line: [ /Library/Developer/CommandLineTools/SDKs/MacOSX.sdk/usr/include]
  ignore line: [ /Library/Developer/CommandLineTools/SDKs/MacOSX.sdk/System/Library/Frameworks (framework directory)]
  ignore line: [End of search list.]
  ignore line: [Linking CXX executable cmTC_33a10]
  ignore line: [/Applications/CLion.app/Contents/bin/cmake/mac/bin/cmake -E cmake_link_script CMakeFiles/cmTC_33a10.dir/link.txt --verbose=1]
  ignore line: [/Library/Developer/CommandLineTools/usr/bin/c++    -isysroot /Library/Developer/CommandLineTools/SDKs/MacOSX.sdk -Wl -search_paths_first -Wl -headerpad_max_install_names  -v -Wl -v CMakeFiles/cmTC_33a10.dir/CMakeCXXCompilerABI.cpp.o  -o cmTC_33a10 ]
  ignore line: [Apple LLVM version 10.0.0 (clang-1000.10.44.4)]
  ignore line: [Target: x86_64-apple-darwin17.7.0]
  ignore line: [Thread model: posix]
  ignore line: [InstalledDir: /Library/Developer/CommandLineTools/usr/bin]
  link line: [ "/Library/Developer/CommandLineTools/usr/bin/ld" -demangle -lto_library /Library/Developer/CommandLineTools/usr/lib/libLTO.dylib -dynamic -arch x86_64 -macosx_version_min 10.13.0 -syslibroot /Library/Developer/CommandLineTools/SDKs/MacOSX.sdk -o cmTC_33a10 -search_paths_first -headerpad_max_install_names -v CMakeFiles/cmTC_33a10.dir/CMakeCXXCompilerABI.cpp.o -lc++ -lSystem /Library/Developer/CommandLineTools/usr/lib/clang/10.0.0/lib/darwin/libclang_rt.osx.a]
    arg [/Library/Developer/CommandLineTools/usr/bin/ld] ==> ignore
    arg [-demangle] ==> ignore
    arg [-lto_library] ==> ignore, skip following value
    arg [/Library/Developer/CommandLineTools/usr/lib/libLTO.dylib] ==> skip value of -lto_library
    arg [-dynamic] ==> ignore
    arg [-arch] ==> ignore
    arg [x86_64] ==> ignore
    arg [-macosx_version_min] ==> ignore
    arg [10.13.0] ==> ignore
    arg [-syslibroot] ==> ignore
    arg [/Library/Developer/CommandLineTools/SDKs/MacOSX.sdk] ==> ignore
    arg [-o] ==> ignore
    arg [cmTC_33a10] ==> ignore
    arg [-search_paths_first] ==> ignore
    arg [-headerpad_max_install_names] ==> ignore
    arg [-v] ==> ignore
    arg [CMakeFiles/cmTC_33a10.dir/CMakeCXXCompilerABI.cpp.o] ==> ignore
    arg [-lc++] ==> lib [c++]
    arg [-lSystem] ==> lib [System]
    arg [/Library/Developer/CommandLineTools/usr/lib/clang/10.0.0/lib/darwin/libclang_rt.osx.a] ==> lib [/Library/Developer/CommandLineTools/usr/lib/clang/10.0.0/lib/darwin/libclang_rt.osx.a]
  Library search paths: [;/Library/Developer/CommandLineTools/SDKs/MacOSX.sdk/usr/lib]
  Framework search paths: [;/Library/Developer/CommandLineTools/SDKs/MacOSX.sdk/System/Library/Frameworks/]
  remove lib [System]
  remove lib [/Library/Developer/CommandLineTools/usr/lib/clang/10.0.0/lib/darwin/libclang_rt.osx.a]
  collapse library dir [/Library/Developer/CommandLineTools/SDKs/MacOSX.sdk/usr/lib] ==> [/Library/Developer/CommandLineTools/SDKs/MacOSX.sdk/usr/lib]
  collapse framework dir [/Library/Developer/CommandLineTools/SDKs/MacOSX.sdk/System/Library/Frameworks/] ==> [/Library/Developer/CommandLineTools/SDKs/MacOSX.sdk/System/Library/Frameworks]
  implicit libs: [c++]
  implicit dirs: [/Library/Developer/CommandLineTools/SDKs/MacOSX.sdk/usr/lib]
  implicit fwks: [/Library/Developer/CommandLineTools/SDKs/MacOSX.sdk/System/Library/Frameworks]


Determining if the include file pthread.h exists passed with the following output:
Change Dir: /Users/cameraford/Documents/NL LIFE/TU Delft/Year 2/Q3/3D Vision/A1/A1_Calibration/A1_Calibration_Code/cmake-build-debug/CMakeFiles/CMakeTmp

Run Build Command(s):/Users/cameraford/anaconda/bin/make cmTC_800d2/fast && /Users/cameraford/anaconda/bin/make  -f CMakeFiles/cmTC_800d2.dir/build.make CMakeFiles/cmTC_800d2.dir/build
make[1]: Entering directory '/Users/cameraford/Documents/NL LIFE/TU Delft/Year 2/Q3/3D Vision/A1/A1_Calibration/A1_Calibration_Code/cmake-build-debug/CMakeFiles/CMakeTmp'
Building C object CMakeFiles/cmTC_800d2.dir/CheckIncludeFile.c.o
/Library/Developer/CommandLineTools/usr/bin/cc   -isysroot /Library/Developer/CommandLineTools/SDKs/MacOSX.sdk   -o CMakeFiles/cmTC_800d2.dir/CheckIncludeFile.c.o   -c "/Users/cameraford/Documents/NL LIFE/TU Delft/Year 2/Q3/3D Vision/A1/A1_Calibration/A1_Calibration_Code/cmake-build-debug/CMakeFiles/CMakeTmp/CheckIncludeFile.c"
Linking C executable cmTC_800d2
/Applications/CLion.app/Contents/bin/cmake/mac/bin/cmake -E cmake_link_script CMakeFiles/cmTC_800d2.dir/link.txt --verbose=1
/Library/Developer/CommandLineTools/usr/bin/cc   -isysroot /Library/Developer/CommandLineTools/SDKs/MacOSX.sdk -Wl,-search_paths_first -Wl,-headerpad_max_install_names   CMakeFiles/cmTC_800d2.dir/CheckIncludeFile.c.o  -o cmTC_800d2 
make[1]: Leaving directory '/Users/cameraford/Documents/NL LIFE/TU Delft/Year 2/Q3/3D Vision/A1/A1_Calibration/A1_Calibration_Code/cmake-build-debug/CMakeFiles/CMakeTmp'



Performing C SOURCE FILE Test CMAKE_HAVE_LIBC_PTHREAD succeeded with the following output:
Change Dir: /Users/cameraford/Documents/NL LIFE/TU Delft/Year 2/Q3/3D Vision/A1/A1_Calibration/A1_Calibration_Code/cmake-build-debug/CMakeFiles/CMakeTmp

Run Build Command(s):/Users/cameraford/anaconda/bin/make cmTC_a14c1/fast && /Users/cameraford/anaconda/bin/make  -f CMakeFiles/cmTC_a14c1.dir/build.make CMakeFiles/cmTC_a14c1.dir/build
make[1]: Entering directory '/Users/cameraford/Documents/NL LIFE/TU Delft/Year 2/Q3/3D Vision/A1/A1_Calibration/A1_Calibration_Code/cmake-build-debug/CMakeFiles/CMakeTmp'
Building C object CMakeFiles/cmTC_a14c1.dir/src.c.o
/Library/Developer/CommandLineTools/usr/bin/cc   -DCMAKE_HAVE_LIBC_PTHREAD -isysroot /Library/Developer/CommandLineTools/SDKs/MacOSX.sdk   -o CMakeFiles/cmTC_a14c1.dir/src.c.o   -c "/Users/cameraford/Documents/NL LIFE/TU Delft/Year 2/Q3/3D Vision/A1/A1_Calibration/A1_Calibration_Code/cmake-build-debug/CMakeFiles/CMakeTmp/src.c"
Linking C executable cmTC_a14c1
/Applications/CLion.app/Contents/bin/cmake/mac/bin/cmake -E cmake_link_script CMakeFiles/cmTC_a14c1.dir/link.txt --verbose=1
/Library/Developer/CommandLineTools/usr/bin/cc  -DCMAKE_HAVE_LIBC_PTHREAD -isysroot /Library/Developer/CommandLineTools/SDKs/MacOSX.sdk -Wl,-search_paths_first -Wl,-headerpad_max_install_names   CMakeFiles/cmTC_a14c1.dir/src.c.o  -o cmTC_a14c1 
make[1]: Leaving directory '/Users/cameraford/Documents/NL LIFE/TU Delft/Year 2/Q3/3D Vision/A1/A1_Calibration/A1_Calibration_Code/cmake-build-debug/CMakeFiles/CMakeTmp'


Source file was:
#include <pthread.h>

void* test_func(void* data)
{
  return data;
}

int main(void)
{
  pthread_t thread;
  pthread_create(&thread, NULL, test_func, NULL);
  pthread_detach(thread);
  pthread_cancel(thread);
  pthread_join(thread, NULL);
  pthread_atfork(NULL, NULL, NULL);
  pthread_exit(NULL);

  return 0;
}

